1522244456794	geckodriver	INFO	geckodriver 0.20.0
1522244456798	geckodriver	INFO	Listening on 127.0.0.1:44449
1522244457804	mozrunner::runner	INFO	Running command: "/usr/bin/firefox" "-marionette" "-profile" "/tmp/rust_mozprofile.P0wEEm94fESO"
1522244458314	Marionette	INFO	Enabled via --marionette
1522244459418	Marionette	INFO	Listening on port 34523
1522244459510	Marionette	WARN	TLS certificate errors will be ignored for this session
JavaScript warning: https://trimps.github.io/main.js?3, line 5880: unreachable code after return statement
JavaScript warning: https://trimps.github.io/main.js?3, line 5897: unreachable code after return statement
*** UTM:SVC TimerManager:registerTimer called after profile-before-change notification. Ignoring timer registration for id: telemetry_modules_ping
1522245082604	geckodriver	INFO	geckodriver 0.20.0
1522245082608	geckodriver	INFO	Listening on 127.0.0.1:46681
1522245083615	mozrunner::runner	INFO	Running command: "/usr/bin/firefox" "-marionette" "-profile" "/tmp/rust_mozprofile.bIC2jXfvULhs"
1522245084124	Marionette	INFO	Enabled via --marionette
1522245085234	Marionette	INFO	Listening on port 37909
1522245085330	Marionette	WARN	TLS certificate errors will be ignored for this session
JavaScript warning: https://trimps.github.io/main.js?3, line 5880: unreachable code after return statement
JavaScript warning: https://trimps.github.io/main.js?3, line 5897: unreachable code after return statement
1522245243326	geckodriver	INFO	geckodriver 0.20.0
1522245243329	geckodriver	INFO	Listening on 127.0.0.1:42703
1522245244335	mozrunner::runner	INFO	Running command: "/usr/bin/firefox" "-marionette" "-profile" "/tmp/rust_mozprofile.u535zHPIVhpq"
1522245244824	Marionette	INFO	Enabled via --marionette
1522245245928	Marionette	INFO	Listening on port 36525
1522245245940	Marionette	WARN	TLS certificate errors will be ignored for this session
JavaScript warning: https://trimps.github.io/main.js?3, line 5880: unreachable code after return statement
JavaScript warning: https://trimps.github.io/main.js?3, line 5897: unreachable code after return statement
1522245435673	geckodriver	INFO	geckodriver 0.20.0
1522245435677	geckodriver	INFO	Listening on 127.0.0.1:53579
1522245436682	mozrunner::runner	INFO	Running command: "/usr/bin/firefox" "-marionette" "-profile" "/tmp/rust_mozprofile.ktIbVItQot9N"
1522245437238	Marionette	INFO	Enabled via --marionette
1522245438378	Marionette	INFO	Listening on port 34147
1522245438406	Marionette	WARN	TLS certificate errors will be ignored for this session
JavaScript warning: https://trimps.github.io/main.js?3, line 5880: unreachable code after return statement
JavaScript warning: https://trimps.github.io/main.js?3, line 5897: unreachable code after return statement
